<?xml version="1.0" encoding="UTF-8"?>
<testng-results total="2" passed="2" failed="0" skipped="0">
  <reporter-output>
  </reporter-output>
  <suite started-at="2020-12-02T13:12:55Z" name="Default suite" finished-at="2020-12-02T13:14:52Z" duration-ms="117311">
    <groups>
      <group name="cucumber">
        <method signature="AbstractTestNGCucumberTests.feature(cucumber.api.testng.CucumberFeatureWrapper)[pri:0, instance:Runner.Runner@74d1dc36]" name="feature" class="cucumber.api.testng.AbstractTestNGCucumberTests"/>
      </group> <!-- cucumber -->
    </groups>
    <test started-at="2020-12-02T13:12:55Z" name="Default test" finished-at="2020-12-02T13:14:52Z" duration-ms="117311">
      <class name="Runner.Runner">
        <test-method is-config="true" signature="setUpClass()[pri:0, instance:Runner.Runner@74d1dc36]" started-at="2020-12-02T18:42:55Z" name="setUpClass" finished-at="2020-12-02T18:42:56Z" duration-ms="491" status="PASS">
          <reporter-output>
          </reporter-output>
        </test-method> <!-- setUpClass -->
        <test-method signature="feature(cucumber.api.testng.CucumberFeatureWrapper)[pri:0, instance:Runner.Runner@74d1dc36]" started-at="2020-12-02T18:42:56Z" name="feature" description="Runs Cucumber Feature" data-provider="features" finished-at="2020-12-02T18:43:21Z" duration-ms="25735" status="PASS">
          <params>
            <param index="0">
              <value>
                <![CDATA[Daily Deals]]>
              </value>
            </param>
          </params>
          <reporter-output>
          </reporter-output>
        </test-method> <!-- feature -->
        <test-method signature="feature(cucumber.api.testng.CucumberFeatureWrapper)[pri:0, instance:Runner.Runner@74d1dc36]" started-at="2020-12-02T18:43:21Z" name="feature" description="Runs Cucumber Feature" data-provider="features" finished-at="2020-12-02T18:44:52Z" duration-ms="90109" status="PASS">
          <params>
            <param index="0">
              <value>
                <![CDATA[Verification about Ebay website]]>
              </value>
            </param>
          </params>
          <reporter-output>
          </reporter-output>
        </test-method> <!-- feature -->
        <test-method is-config="true" signature="writeExtentReport()[pri:0, instance:Runner.Runner@74d1dc36]" started-at="2020-12-02T18:44:52Z" name="writeExtentReport" finished-at="2020-12-02T18:44:52Z" duration-ms="27" status="PASS">
          <reporter-output>
          </reporter-output>
        </test-method> <!-- writeExtentReport -->
        <test-method is-config="true" signature="tearDownClass()[pri:0, instance:Runner.Runner@74d1dc36]" started-at="2020-12-02T18:44:52Z" name="tearDownClass" finished-at="2020-12-02T18:44:52Z" duration-ms="768" status="PASS">
          <reporter-output>
          </reporter-output>
        </test-method> <!-- tearDownClass -->
      </class> <!-- Runner.Runner -->
    </test> <!-- Default test -->
  </suite> <!-- Default suite -->
</testng-results>
